SF:lib\models\character.dart
DA:25,4
DA:41,2
DA:55,2
DA:56,1
DA:57,1
DA:58,1
DA:59,2
DA:60,2
DA:61,2
DA:62,2
DA:63,2
DA:64,2
DA:65,2
DA:66,2
DA:67,2
DA:71,2
DA:73,2
DA:79,2
DA:80,2
DA:81,2
DA:82,2
DA:83,4
DA:84,2
DA:85,2
DA:86,2
DA:87,2
DA:88,4
DA:89,2
DA:90,4
DA:91,4
DA:92,4
DA:96,2
DA:97,2
DA:98,2
DA:100,2
DA:102,2
LF:36
LH:36
end_of_record
SF:lib\widgets\character_card.dart
DA:13,1
DA:18,1
DA:21,1
DA:22,1
DA:23,1
DA:24,1
DA:27,1
DA:28,1
DA:31,1
DA:32,1
DA:33,5
DA:34,1
DA:35,1
DA:37,1
DA:38,1
DA:40,1
DA:41,1
DA:42,1
DA:43,2
DA:47,1
DA:48,1
DA:49,1
DA:50,1
DA:51,1
DA:54,1
DA:56,1
DA:61,0
DA:62,0
DA:65,0
DA:76,1
DA:77,1
DA:79,1
DA:81,1
DA:82,2
DA:93,1
DA:94,3
DA:103,1
DA:105,1
DA:107,2
DA:109,1
DA:110,1
DA:111,3
DA:118,1
DA:119,1
LF:44
LH:41
end_of_record
SF:lib\widgets\gender_indicator.dart
DA:8,1
DA:15,1
DA:17,1
DA:19,1
DA:20,1
DA:21,3
DA:22,1
DA:23,1
DA:26,1
DA:27,1
LF:10
LH:10
end_of_record
SF:lib\widgets\status_indicator.dart
DA:8,1
DA:13,1
DA:15,1
DA:17,1
DA:18,1
DA:19,1
DA:20,1
DA:21,1
DA:22,2
DA:27,1
DA:28,3
LF:11
LH:11
end_of_record
SF:lib\core\http\http_client_abstract.dart
DA:5,1
DA:16,1
DA:22,0
DA:24,0
LF:4
LH:2
end_of_record
SF:lib\models\paginated_response.dart
DA:5,2
DA:10,1
DA:14,1
DA:15,2
DA:17,5
DA:28,2
DA:35,1
DA:36,1
DA:37,1
DA:38,1
DA:39,1
DA:40,1
LF:12
LH:12
end_of_record
SF:lib\repositories\rickandmorty_repository.dart
DA:9,1
DA:11,1
DA:15,3
DA:16,2
DA:17,1
DA:18,2
DA:21,2
DA:25,1
DA:27,3
DA:28,3
DA:30,2
DA:34,1
DA:38,1
DA:39,2
DA:41,2
DA:42,1
DA:43,2
DA:46,2
DA:50,1
DA:53,1
DA:54,3
DA:56,2
DA:57,4
DA:59,2
DA:60,3
DA:61,1
DA:64,2
DA:68,1
DA:69,1
DA:70,1
DA:71,1
DA:73,1
DA:75,1
DA:76,0
DA:83,1
LF:35
LH:34
end_of_record
SF:lib\pages\home\home_controller.dart
DA:9,1
DA:10,2
DA:11,3
DA:27,2
DA:28,2
DA:29,2
DA:30,2
DA:31,2
DA:32,2
DA:33,2
DA:34,2
DA:35,0
DA:37,0
DA:38,0
DA:39,0
DA:40,0
DA:41,0
DA:46,1
DA:48,1
DA:49,2
DA:50,1
DA:51,1
DA:52,1
DA:55,2
DA:59,2
DA:60,1
DA:62,1
DA:65,1
DA:67,3
DA:69,1
DA:70,1
DA:71,1
DA:72,1
DA:73,1
DA:75,1
DA:76,2
DA:77,2
DA:79,3
DA:82,3
DA:83,2
DA:84,2
DA:86,1
DA:87,1
DA:88,1
DA:93,1
DA:94,1
DA:95,1
DA:96,1
DA:97,2
DA:99,0
DA:102,1
DA:103,1
DA:105,2
DA:107,1
DA:108,1
DA:109,1
DA:110,2
DA:111,2
DA:112,1
DA:113,1
DA:114,1
DA:116,1
DA:118,1
DA:119,1
DA:121,1
DA:122,1
DA:123,2
DA:125,0
DA:128,2
DA:129,3
DA:130,3
DA:131,2
DA:132,1
DA:133,1
DA:138,1
DA:139,2
DA:143,1
DA:144,0
DA:146,1
DA:150,1
DA:151,1
DA:153,2
DA:155,2
DA:156,1
DA:157,1
DA:158,2
DA:159,1
DA:160,1
DA:161,1
DA:163,3
DA:164,2
DA:169,1
DA:170,2
DA:171,2
DA:173,0
DA:174,0
DA:175,0
DA:176,0
DA:178,1
DA:181,1
DA:182,1
DA:183,1
DA:186,1
DA:187,1
DA:188,1
DA:191,1
DA:192,1
DA:193,1
DA:196,1
DA:197,1
DA:198,2
DA:200,1
DA:204,1
DA:206,2
DA:207,3
DA:208,2
DA:209,1
LF:117
LH:104
end_of_record
